<?xml version="1.0" encoding="UTF-8"?>
<testsuite xmlns:xsi="http://www.w3.org/2001/XMLSchema-instance" xsi:noNamespaceSchemaLocation="https://maven.apache.org/surefire/maven-surefire-plugin/xsd/surefire-test-report.xsd" name="com.yq.jforgame.ApplicationTest" time="6.127" tests="1" errors="0" skipped="0" failures="0">
  <properties>
    <property name="sun.desktop" value="windows"/>
    <property name="awt.toolkit" value="sun.awt.windows.WToolkit"/>
    <property name="file.encoding.pkg" value="sun.io"/>
    <property name="java.specification.version" value="1.8"/>
    <property name="sun.cpu.isalist" value="amd64"/>
    <property name="sun.jnu.encoding" value="GBK"/>
    <property name="java.class.path" value="D:\develop\code\target\test-classes;D:\develop\code\target\classes;D:\path\to\local\repo\org\apache\tomcat\tomcat-juli\8.5.32\tomcat-juli-8.5.32.jar;D:\path\to\local\repo\org\springframework\boot\spring-boot-starter-web\2.0.4.RELEASE\spring-boot-starter-web-2.0.4.RELEASE.jar;D:\path\to\local\repo\org\springframework\boot\spring-boot-starter\2.0.4.RELEASE\spring-boot-starter-2.0.4.RELEASE.jar;D:\path\to\local\repo\org\springframework\boot\spring-boot\2.0.4.RELEASE\spring-boot-2.0.4.RELEASE.jar;D:\path\to\local\repo\org\springframework\boot\spring-boot-autoconfigure\2.0.4.RELEASE\spring-boot-autoconfigure-2.0.4.RELEASE.jar;D:\path\to\local\repo\org\springframework\boot\spring-boot-starter-logging\2.0.4.RELEASE\spring-boot-starter-logging-2.0.4.RELEASE.jar;D:\path\to\local\repo\javax\annotation\javax.annotation-api\1.3.2\javax.annotation-api-1.3.2.jar;D:\path\to\local\repo\org\springframework\boot\spring-boot-starter-json\2.0.4.RELEASE\spring-boot-starter-json-2.0.4.RELEASE.jar;D:\path\to\local\repo\com\fasterxml\jackson\datatype\jackson-datatype-jdk8\2.9.6\jackson-datatype-jdk8-2.9.6.jar;D:\path\to\local\repo\com\fasterxml\jackson\datatype\jackson-datatype-jsr310\2.9.6\jackson-datatype-jsr310-2.9.6.jar;D:\path\to\local\repo\com\fasterxml\jackson\module\jackson-module-parameter-names\2.9.6\jackson-module-parameter-names-2.9.6.jar;D:\path\to\local\repo\org\springframework\boot\spring-boot-starter-tomcat\2.0.4.RELEASE\spring-boot-starter-tomcat-2.0.4.RELEASE.jar;D:\path\to\local\repo\org\apache\tomcat\embed\tomcat-embed-core\8.5.32\tomcat-embed-core-8.5.32.jar;D:\path\to\local\repo\org\apache\tomcat\embed\tomcat-embed-el\8.5.32\tomcat-embed-el-8.5.32.jar;D:\path\to\local\repo\org\apache\tomcat\embed\tomcat-embed-websocket\8.5.32\tomcat-embed-websocket-8.5.32.jar;D:\path\to\local\repo\org\hibernate\validator\hibernate-validator\6.0.11.Final\hibernate-validator-6.0.11.Final.jar;D:\path\to\local\repo\javax\validation\validation-api\2.0.1.Final\validation-api-2.0.1.Final.jar;D:\path\to\local\repo\org\jboss\logging\jboss-logging\3.3.2.Final\jboss-logging-3.3.2.Final.jar;D:\path\to\local\repo\org\springframework\spring-web\5.0.8.RELEASE\spring-web-5.0.8.RELEASE.jar;D:\path\to\local\repo\org\springframework\spring-beans\5.0.8.RELEASE\spring-beans-5.0.8.RELEASE.jar;D:\path\to\local\repo\org\springframework\spring-webmvc\5.0.8.RELEASE\spring-webmvc-5.0.8.RELEASE.jar;D:\path\to\local\repo\org\springframework\spring-aop\5.0.8.RELEASE\spring-aop-5.0.8.RELEASE.jar;D:\path\to\local\repo\org\springframework\spring-expression\5.0.8.RELEASE\spring-expression-5.0.8.RELEASE.jar;D:\path\to\local\repo\org\projectlombok\lombok\1.16.22\lombok-1.16.22.jar;D:\path\to\local\repo\org\springframework\boot\spring-boot-starter-test\2.0.4.RELEASE\spring-boot-starter-test-2.0.4.RELEASE.jar;D:\path\to\local\repo\org\springframework\boot\spring-boot-test\2.0.4.RELEASE\spring-boot-test-2.0.4.RELEASE.jar;D:\path\to\local\repo\org\springframework\boot\spring-boot-test-autoconfigure\2.0.4.RELEASE\spring-boot-test-autoconfigure-2.0.4.RELEASE.jar;D:\path\to\local\repo\com\jayway\jsonpath\json-path\2.4.0\json-path-2.4.0.jar;D:\path\to\local\repo\net\minidev\json-smart\2.3\json-smart-2.3.jar;D:\path\to\local\repo\net\minidev\accessors-smart\1.2\accessors-smart-1.2.jar;D:\path\to\local\repo\org\ow2\asm\asm\5.0.4\asm-5.0.4.jar;D:\path\to\local\repo\junit\junit\4.12\junit-4.12.jar;D:\path\to\local\repo\org\assertj\assertj-core\3.9.1\assertj-core-3.9.1.jar;D:\path\to\local\repo\org\mockito\mockito-core\2.15.0\mockito-core-2.15.0.jar;D:\path\to\local\repo\net\bytebuddy\byte-buddy\1.7.11\byte-buddy-1.7.11.jar;D:\path\to\local\repo\net\bytebuddy\byte-buddy-agent\1.7.11\byte-buddy-agent-1.7.11.jar;D:\path\to\local\repo\org\objenesis\objenesis\2.6\objenesis-2.6.jar;D:\path\to\local\repo\org\hamcrest\hamcrest-core\1.3\hamcrest-core-1.3.jar;D:\path\to\local\repo\org\hamcrest\hamcrest-library\1.3\hamcrest-library-1.3.jar;D:\path\to\local\repo\org\skyscreamer\jsonassert\1.5.0\jsonassert-1.5.0.jar;D:\path\to\local\repo\com\vaadin\external\google\android-json\0.0.20131108.vaadin1\android-json-0.0.20131108.vaadin1.jar;D:\path\to\local\repo\org\springframework\spring-core\5.0.8.RELEASE\spring-core-5.0.8.RELEASE.jar;D:\path\to\local\repo\org\springframework\spring-jcl\5.0.8.RELEASE\spring-jcl-5.0.8.RELEASE.jar;D:\path\to\local\repo\org\springframework\spring-test\5.0.8.RELEASE\spring-test-5.0.8.RELEASE.jar;D:\path\to\local\repo\mysql\mysql-connector-java\5.1.47\mysql-connector-java-5.1.47.jar;D:\path\to\local\repo\com\alibaba\druid\1.1.12\druid-1.1.12.jar;D:\path\to\local\repo\com\alibaba\fastjson\1.2.59\fastjson-1.2.59.jar;D:\path\to\local\repo\org\springframework\boot\spring-boot-starter-thymeleaf\2.0.4.RELEASE\spring-boot-starter-thymeleaf-2.0.4.RELEASE.jar;D:\path\to\local\repo\org\thymeleaf\thymeleaf-spring5\3.0.9.RELEASE\thymeleaf-spring5-3.0.9.RELEASE.jar;D:\path\to\local\repo\org\thymeleaf\thymeleaf\3.0.9.RELEASE\thymeleaf-3.0.9.RELEASE.jar;D:\path\to\local\repo\org\attoparser\attoparser\2.0.4.RELEASE\attoparser-2.0.4.RELEASE.jar;D:\path\to\local\repo\org\unbescape\unbescape\1.1.5.RELEASE\unbescape-1.1.5.RELEASE.jar;D:\path\to\local\repo\org\thymeleaf\extras\thymeleaf-extras-java8time\3.0.1.RELEASE\thymeleaf-extras-java8time-3.0.1.RELEASE.jar;D:\path\to\local\repo\org\mybatis\spring\boot\mybatis-spring-boot-starter\1.3.2\mybatis-spring-boot-starter-1.3.2.jar;D:\path\to\local\repo\org\springframework\boot\spring-boot-starter-jdbc\2.0.4.RELEASE\spring-boot-starter-jdbc-2.0.4.RELEASE.jar;D:\path\to\local\repo\com\zaxxer\HikariCP\2.7.9\HikariCP-2.7.9.jar;D:\path\to\local\repo\org\springframework\spring-jdbc\5.0.8.RELEASE\spring-jdbc-5.0.8.RELEASE.jar;D:\path\to\local\repo\org\mybatis\spring\boot\mybatis-spring-boot-autoconfigure\1.3.2\mybatis-spring-boot-autoconfigure-1.3.2.jar;D:\path\to\local\repo\org\mybatis\mybatis\3.4.6\mybatis-3.4.6.jar;D:\path\to\local\repo\org\mybatis\mybatis-spring\1.3.2\mybatis-spring-1.3.2.jar;D:\path\to\local\repo\org\apache\httpcomponents\httpclient\4.1.1\httpclient-4.1.1.jar;D:\path\to\local\repo\org\apache\httpcomponents\httpcore\4.4.10\httpcore-4.4.10.jar;D:\path\to\local\repo\commons-codec\commons-codec\1.11\commons-codec-1.11.jar;D:\path\to\local\repo\org\springframework\boot\spring-boot-starter-redis\1.4.7.RELEASE\spring-boot-starter-redis-1.4.7.RELEASE.jar;D:\path\to\local\repo\org\springframework\data\spring-data-redis\2.0.9.RELEASE\spring-data-redis-2.0.9.RELEASE.jar;D:\path\to\local\repo\org\springframework\data\spring-data-keyvalue\2.0.9.RELEASE\spring-data-keyvalue-2.0.9.RELEASE.jar;D:\path\to\local\repo\org\springframework\data\spring-data-commons\2.0.9.RELEASE\spring-data-commons-2.0.9.RELEASE.jar;D:\path\to\local\repo\org\springframework\spring-tx\5.0.8.RELEASE\spring-tx-5.0.8.RELEASE.jar;D:\path\to\local\repo\org\springframework\spring-oxm\5.0.8.RELEASE\spring-oxm-5.0.8.RELEASE.jar;D:\path\to\local\repo\org\springframework\spring-context-support\5.0.8.RELEASE\spring-context-support-5.0.8.RELEASE.jar;D:\path\to\local\repo\redis\clients\jedis\2.9.0\jedis-2.9.0.jar;D:\path\to\local\repo\org\apache\commons\commons-pool2\2.5.0\commons-pool2-2.5.0.jar;D:\path\to\local\repo\org\mybatis\spring\boot\mybatis-spring-boot-starter-test\2.1.0\mybatis-spring-boot-starter-test-2.1.0.jar;D:\path\to\local\repo\org\mybatis\spring\boot\mybatis-spring-boot-test-autoconfigure\2.1.0\mybatis-spring-boot-test-autoconfigure-2.1.0.jar;D:\path\to\local\repo\ch\qos\logback\logback-classic\1.2.3\logback-classic-1.2.3.jar;D:\path\to\local\repo\ch\qos\logback\logback-core\1.2.3\logback-core-1.2.3.jar;D:\path\to\local\repo\org\slf4j\slf4j-api\1.7.25\slf4j-api-1.7.25.jar;D:\path\to\local\repo\org\apache\logging\log4j\log4j-to-slf4j\2.10.0\log4j-to-slf4j-2.10.0.jar;D:\path\to\local\repo\org\apache\logging\log4j\log4j-api\2.10.0\log4j-api-2.10.0.jar;D:\path\to\local\repo\org\slf4j\jul-to-slf4j\1.7.25\jul-to-slf4j-1.7.25.jar;D:\path\to\local\repo\io\springfox\springfox-swagger2\2.6.1\springfox-swagger2-2.6.1.jar;D:\path\to\local\repo\io\swagger\swagger-annotations\1.5.10\swagger-annotations-1.5.10.jar;D:\path\to\local\repo\io\swagger\swagger-models\1.5.10\swagger-models-1.5.10.jar;D:\path\to\local\repo\io\springfox\springfox-spi\2.6.1\springfox-spi-2.6.1.jar;D:\path\to\local\repo\io\springfox\springfox-core\2.6.1\springfox-core-2.6.1.jar;D:\path\to\local\repo\io\springfox\springfox-schema\2.6.1\springfox-schema-2.6.1.jar;D:\path\to\local\repo\io\springfox\springfox-swagger-common\2.6.1\springfox-swagger-common-2.6.1.jar;D:\path\to\local\repo\io\springfox\springfox-spring-web\2.6.1\springfox-spring-web-2.6.1.jar;D:\path\to\local\repo\com\google\guava\guava\18.0\guava-18.0.jar;D:\path\to\local\repo\com\fasterxml\classmate\1.3.4\classmate-1.3.4.jar;D:\path\to\local\repo\org\springframework\plugin\spring-plugin-core\1.2.0.RELEASE\spring-plugin-core-1.2.0.RELEASE.jar;D:\path\to\local\repo\org\springframework\plugin\spring-plugin-metadata\1.2.0.RELEASE\spring-plugin-metadata-1.2.0.RELEASE.jar;D:\path\to\local\repo\org\mapstruct\mapstruct\1.0.0.Final\mapstruct-1.0.0.Final.jar;D:\path\to\local\repo\io\springfox\springfox-swagger-ui\2.6.1\springfox-swagger-ui-2.6.1.jar;D:\path\to\local\repo\com\fasterxml\jackson\core\jackson-databind\2.9.4\jackson-databind-2.9.4.jar;D:\path\to\local\repo\com\fasterxml\jackson\core\jackson-annotations\2.9.4\jackson-annotations-2.9.4.jar;D:\path\to\local\repo\com\fasterxml\jackson\core\jackson-core\2.9.4\jackson-core-2.9.4.jar;D:\path\to\local\repo\org\xmlunit\xmlunit-core\2.5.1\xmlunit-core-2.5.1.jar;D:\path\to\local\repo\org\bouncycastle\bcprov-jdk16\1.46\bcprov-jdk16-1.46.jar;D:\path\to\local\repo\org\apache\commons\commons-lang3\3.5\commons-lang3-3.5.jar;D:\path\to\local\repo\commons-collections\commons-collections\3.2.2\commons-collections-3.2.2.jar;D:\path\to\local\repo\org\springframework\boot\spring-boot-starter-websocket\2.0.4.RELEASE\spring-boot-starter-websocket-2.0.4.RELEASE.jar;D:\path\to\local\repo\org\springframework\spring-messaging\5.0.8.RELEASE\spring-messaging-5.0.8.RELEASE.jar;D:\path\to\local\repo\org\springframework\spring-websocket\5.0.8.RELEASE\spring-websocket-5.0.8.RELEASE.jar;D:\path\to\local\repo\org\springframework\spring-context\5.0.8.RELEASE\spring-context-5.0.8.RELEASE.jar;D:\path\to\local\repo\com\github\pagehelper\pagehelper-spring-boot-starter\1.2.5\pagehelper-spring-boot-starter-1.2.5.jar;D:\path\to\local\repo\com\github\pagehelper\pagehelper-spring-boot-autoconfigure\1.2.5\pagehelper-spring-boot-autoconfigure-1.2.5.jar;D:\path\to\local\repo\com\github\pagehelper\pagehelper\5.1.4\pagehelper-5.1.4.jar;D:\path\to\local\repo\com\github\jsqlparser\jsqlparser\1.0\jsqlparser-1.0.jar;D:\path\to\local\repo\commons-httpclient\commons-httpclient\3.1\commons-httpclient-3.1.jar;D:\path\to\local\repo\commons-logging\commons-logging\1.0.4\commons-logging-1.0.4.jar;D:\path\to\local\repo\org\yaml\snakeyaml\1.19\snakeyaml-1.19.jar;"/>
    <property name="java.vm.vendor" value="Oracle Corporation"/>
    <property name="sun.arch.data.model" value="64"/>
    <property name="user.variant" value=""/>
    <property name="java.vendor.url" value="http://java.oracle.com/"/>
    <property name="user.timezone" value=""/>
    <property name="java.vm.specification.version" value="1.8"/>
    <property name="os.name" value="Windows 7"/>
    <property name="user.country" value="CN"/>
    <property name="sun.java.launcher" value="SUN_STANDARD"/>
    <property name="sun.boot.library.path" value="C:\Program Files\Java\jdk1.8.0_131\jre\bin"/>
    <property name="sun.java.command" value="C:\Users\ADMINI~1\AppData\Local\Temp\surefire4001873308957206442\surefirebooter8723472091968339885.jar C:\Users\Administrator\AppData\Local\Temp\surefire4001873308957206442 2019-11-11T08-39-09_698-jvmRun1 surefire3282971487358498302tmp surefire_03510378109985895944tmp"/>
    <property name="surefire.test.class.path" value="D:\develop\code\target\test-classes;D:\develop\code\target\classes;D:\path\to\local\repo\org\apache\tomcat\tomcat-juli\8.5.32\tomcat-juli-8.5.32.jar;D:\path\to\local\repo\org\springframework\boot\spring-boot-starter-web\2.0.4.RELEASE\spring-boot-starter-web-2.0.4.RELEASE.jar;D:\path\to\local\repo\org\springframework\boot\spring-boot-starter\2.0.4.RELEASE\spring-boot-starter-2.0.4.RELEASE.jar;D:\path\to\local\repo\org\springframework\boot\spring-boot\2.0.4.RELEASE\spring-boot-2.0.4.RELEASE.jar;D:\path\to\local\repo\org\springframework\boot\spring-boot-autoconfigure\2.0.4.RELEASE\spring-boot-autoconfigure-2.0.4.RELEASE.jar;D:\path\to\local\repo\org\springframework\boot\spring-boot-starter-logging\2.0.4.RELEASE\spring-boot-starter-logging-2.0.4.RELEASE.jar;D:\path\to\local\repo\javax\annotation\javax.annotation-api\1.3.2\javax.annotation-api-1.3.2.jar;D:\path\to\local\repo\org\springframework\boot\spring-boot-starter-json\2.0.4.RELEASE\spring-boot-starter-json-2.0.4.RELEASE.jar;D:\path\to\local\repo\com\fasterxml\jackson\datatype\jackson-datatype-jdk8\2.9.6\jackson-datatype-jdk8-2.9.6.jar;D:\path\to\local\repo\com\fasterxml\jackson\datatype\jackson-datatype-jsr310\2.9.6\jackson-datatype-jsr310-2.9.6.jar;D:\path\to\local\repo\com\fasterxml\jackson\module\jackson-module-parameter-names\2.9.6\jackson-module-parameter-names-2.9.6.jar;D:\path\to\local\repo\org\springframework\boot\spring-boot-starter-tomcat\2.0.4.RELEASE\spring-boot-starter-tomcat-2.0.4.RELEASE.jar;D:\path\to\local\repo\org\apache\tomcat\embed\tomcat-embed-core\8.5.32\tomcat-embed-core-8.5.32.jar;D:\path\to\local\repo\org\apache\tomcat\embed\tomcat-embed-el\8.5.32\tomcat-embed-el-8.5.32.jar;D:\path\to\local\repo\org\apache\tomcat\embed\tomcat-embed-websocket\8.5.32\tomcat-embed-websocket-8.5.32.jar;D:\path\to\local\repo\org\hibernate\validator\hibernate-validator\6.0.11.Final\hibernate-validator-6.0.11.Final.jar;D:\path\to\local\repo\javax\validation\validation-api\2.0.1.Final\validation-api-2.0.1.Final.jar;D:\path\to\local\repo\org\jboss\logging\jboss-logging\3.3.2.Final\jboss-logging-3.3.2.Final.jar;D:\path\to\local\repo\org\springframework\spring-web\5.0.8.RELEASE\spring-web-5.0.8.RELEASE.jar;D:\path\to\local\repo\org\springframework\spring-beans\5.0.8.RELEASE\spring-beans-5.0.8.RELEASE.jar;D:\path\to\local\repo\org\springframework\spring-webmvc\5.0.8.RELEASE\spring-webmvc-5.0.8.RELEASE.jar;D:\path\to\local\repo\org\springframework\spring-aop\5.0.8.RELEASE\spring-aop-5.0.8.RELEASE.jar;D:\path\to\local\repo\org\springframework\spring-expression\5.0.8.RELEASE\spring-expression-5.0.8.RELEASE.jar;D:\path\to\local\repo\org\projectlombok\lombok\1.16.22\lombok-1.16.22.jar;D:\path\to\local\repo\org\springframework\boot\spring-boot-starter-test\2.0.4.RELEASE\spring-boot-starter-test-2.0.4.RELEASE.jar;D:\path\to\local\repo\org\springframework\boot\spring-boot-test\2.0.4.RELEASE\spring-boot-test-2.0.4.RELEASE.jar;D:\path\to\local\repo\org\springframework\boot\spring-boot-test-autoconfigure\2.0.4.RELEASE\spring-boot-test-autoconfigure-2.0.4.RELEASE.jar;D:\path\to\local\repo\com\jayway\jsonpath\json-path\2.4.0\json-path-2.4.0.jar;D:\path\to\local\repo\net\minidev\json-smart\2.3\json-smart-2.3.jar;D:\path\to\local\repo\net\minidev\accessors-smart\1.2\accessors-smart-1.2.jar;D:\path\to\local\repo\org\ow2\asm\asm\5.0.4\asm-5.0.4.jar;D:\path\to\local\repo\junit\junit\4.12\junit-4.12.jar;D:\path\to\local\repo\org\assertj\assertj-core\3.9.1\assertj-core-3.9.1.jar;D:\path\to\local\repo\org\mockito\mockito-core\2.15.0\mockito-core-2.15.0.jar;D:\path\to\local\repo\net\bytebuddy\byte-buddy\1.7.11\byte-buddy-1.7.11.jar;D:\path\to\local\repo\net\bytebuddy\byte-buddy-agent\1.7.11\byte-buddy-agent-1.7.11.jar;D:\path\to\local\repo\org\objenesis\objenesis\2.6\objenesis-2.6.jar;D:\path\to\local\repo\org\hamcrest\hamcrest-core\1.3\hamcrest-core-1.3.jar;D:\path\to\local\repo\org\hamcrest\hamcrest-library\1.3\hamcrest-library-1.3.jar;D:\path\to\local\repo\org\skyscreamer\jsonassert\1.5.0\jsonassert-1.5.0.jar;D:\path\to\local\repo\com\vaadin\external\google\android-json\0.0.20131108.vaadin1\android-json-0.0.20131108.vaadin1.jar;D:\path\to\local\repo\org\springframework\spring-core\5.0.8.RELEASE\spring-core-5.0.8.RELEASE.jar;D:\path\to\local\repo\org\springframework\spring-jcl\5.0.8.RELEASE\spring-jcl-5.0.8.RELEASE.jar;D:\path\to\local\repo\org\springframework\spring-test\5.0.8.RELEASE\spring-test-5.0.8.RELEASE.jar;D:\path\to\local\repo\mysql\mysql-connector-java\5.1.47\mysql-connector-java-5.1.47.jar;D:\path\to\local\repo\com\alibaba\druid\1.1.12\druid-1.1.12.jar;D:\path\to\local\repo\com\alibaba\fastjson\1.2.59\fastjson-1.2.59.jar;D:\path\to\local\repo\org\springframework\boot\spring-boot-starter-thymeleaf\2.0.4.RELEASE\spring-boot-starter-thymeleaf-2.0.4.RELEASE.jar;D:\path\to\local\repo\org\thymeleaf\thymeleaf-spring5\3.0.9.RELEASE\thymeleaf-spring5-3.0.9.RELEASE.jar;D:\path\to\local\repo\org\thymeleaf\thymeleaf\3.0.9.RELEASE\thymeleaf-3.0.9.RELEASE.jar;D:\path\to\local\repo\org\attoparser\attoparser\2.0.4.RELEASE\attoparser-2.0.4.RELEASE.jar;D:\path\to\local\repo\org\unbescape\unbescape\1.1.5.RELEASE\unbescape-1.1.5.RELEASE.jar;D:\path\to\local\repo\org\thymeleaf\extras\thymeleaf-extras-java8time\3.0.1.RELEASE\thymeleaf-extras-java8time-3.0.1.RELEASE.jar;D:\path\to\local\repo\org\mybatis\spring\boot\mybatis-spring-boot-starter\1.3.2\mybatis-spring-boot-starter-1.3.2.jar;D:\path\to\local\repo\org\springframework\boot\spring-boot-starter-jdbc\2.0.4.RELEASE\spring-boot-starter-jdbc-2.0.4.RELEASE.jar;D:\path\to\local\repo\com\zaxxer\HikariCP\2.7.9\HikariCP-2.7.9.jar;D:\path\to\local\repo\org\springframework\spring-jdbc\5.0.8.RELEASE\spring-jdbc-5.0.8.RELEASE.jar;D:\path\to\local\repo\org\mybatis\spring\boot\mybatis-spring-boot-autoconfigure\1.3.2\mybatis-spring-boot-autoconfigure-1.3.2.jar;D:\path\to\local\repo\org\mybatis\mybatis\3.4.6\mybatis-3.4.6.jar;D:\path\to\local\repo\org\mybatis\mybatis-spring\1.3.2\mybatis-spring-1.3.2.jar;D:\path\to\local\repo\org\apache\httpcomponents\httpclient\4.1.1\httpclient-4.1.1.jar;D:\path\to\local\repo\org\apache\httpcomponents\httpcore\4.4.10\httpcore-4.4.10.jar;D:\path\to\local\repo\commons-codec\commons-codec\1.11\commons-codec-1.11.jar;D:\path\to\local\repo\org\springframework\boot\spring-boot-starter-redis\1.4.7.RELEASE\spring-boot-starter-redis-1.4.7.RELEASE.jar;D:\path\to\local\repo\org\springframework\data\spring-data-redis\2.0.9.RELEASE\spring-data-redis-2.0.9.RELEASE.jar;D:\path\to\local\repo\org\springframework\data\spring-data-keyvalue\2.0.9.RELEASE\spring-data-keyvalue-2.0.9.RELEASE.jar;D:\path\to\local\repo\org\springframework\data\spring-data-commons\2.0.9.RELEASE\spring-data-commons-2.0.9.RELEASE.jar;D:\path\to\local\repo\org\springframework\spring-tx\5.0.8.RELEASE\spring-tx-5.0.8.RELEASE.jar;D:\path\to\local\repo\org\springframework\spring-oxm\5.0.8.RELEASE\spring-oxm-5.0.8.RELEASE.jar;D:\path\to\local\repo\org\springframework\spring-context-support\5.0.8.RELEASE\spring-context-support-5.0.8.RELEASE.jar;D:\path\to\local\repo\redis\clients\jedis\2.9.0\jedis-2.9.0.jar;D:\path\to\local\repo\org\apache\commons\commons-pool2\2.5.0\commons-pool2-2.5.0.jar;D:\path\to\local\repo\org\mybatis\spring\boot\mybatis-spring-boot-starter-test\2.1.0\mybatis-spring-boot-starter-test-2.1.0.jar;D:\path\to\local\repo\org\mybatis\spring\boot\mybatis-spring-boot-test-autoconfigure\2.1.0\mybatis-spring-boot-test-autoconfigure-2.1.0.jar;D:\path\to\local\repo\ch\qos\logback\logback-classic\1.2.3\logback-classic-1.2.3.jar;D:\path\to\local\repo\ch\qos\logback\logback-core\1.2.3\logback-core-1.2.3.jar;D:\path\to\local\repo\org\slf4j\slf4j-api\1.7.25\slf4j-api-1.7.25.jar;D:\path\to\local\repo\org\apache\logging\log4j\log4j-to-slf4j\2.10.0\log4j-to-slf4j-2.10.0.jar;D:\path\to\local\repo\org\apache\logging\log4j\log4j-api\2.10.0\log4j-api-2.10.0.jar;D:\path\to\local\repo\org\slf4j\jul-to-slf4j\1.7.25\jul-to-slf4j-1.7.25.jar;D:\path\to\local\repo\io\springfox\springfox-swagger2\2.6.1\springfox-swagger2-2.6.1.jar;D:\path\to\local\repo\io\swagger\swagger-annotations\1.5.10\swagger-annotations-1.5.10.jar;D:\path\to\local\repo\io\swagger\swagger-models\1.5.10\swagger-models-1.5.10.jar;D:\path\to\local\repo\io\springfox\springfox-spi\2.6.1\springfox-spi-2.6.1.jar;D:\path\to\local\repo\io\springfox\springfox-core\2.6.1\springfox-core-2.6.1.jar;D:\path\to\local\repo\io\springfox\springfox-schema\2.6.1\springfox-schema-2.6.1.jar;D:\path\to\local\repo\io\springfox\springfox-swagger-common\2.6.1\springfox-swagger-common-2.6.1.jar;D:\path\to\local\repo\io\springfox\springfox-spring-web\2.6.1\springfox-spring-web-2.6.1.jar;D:\path\to\local\repo\com\google\guava\guava\18.0\guava-18.0.jar;D:\path\to\local\repo\com\fasterxml\classmate\1.3.4\classmate-1.3.4.jar;D:\path\to\local\repo\org\springframework\plugin\spring-plugin-core\1.2.0.RELEASE\spring-plugin-core-1.2.0.RELEASE.jar;D:\path\to\local\repo\org\springframework\plugin\spring-plugin-metadata\1.2.0.RELEASE\spring-plugin-metadata-1.2.0.RELEASE.jar;D:\path\to\local\repo\org\mapstruct\mapstruct\1.0.0.Final\mapstruct-1.0.0.Final.jar;D:\path\to\local\repo\io\springfox\springfox-swagger-ui\2.6.1\springfox-swagger-ui-2.6.1.jar;D:\path\to\local\repo\com\fasterxml\jackson\core\jackson-databind\2.9.4\jackson-databind-2.9.4.jar;D:\path\to\local\repo\com\fasterxml\jackson\core\jackson-annotations\2.9.4\jackson-annotations-2.9.4.jar;D:\path\to\local\repo\com\fasterxml\jackson\core\jackson-core\2.9.4\jackson-core-2.9.4.jar;D:\path\to\local\repo\org\xmlunit\xmlunit-core\2.5.1\xmlunit-core-2.5.1.jar;D:\path\to\local\repo\org\bouncycastle\bcprov-jdk16\1.46\bcprov-jdk16-1.46.jar;D:\path\to\local\repo\org\apache\commons\commons-lang3\3.5\commons-lang3-3.5.jar;D:\path\to\local\repo\commons-collections\commons-collections\3.2.2\commons-collections-3.2.2.jar;D:\path\to\local\repo\org\springframework\boot\spring-boot-starter-websocket\2.0.4.RELEASE\spring-boot-starter-websocket-2.0.4.RELEASE.jar;D:\path\to\local\repo\org\springframework\spring-messaging\5.0.8.RELEASE\spring-messaging-5.0.8.RELEASE.jar;D:\path\to\local\repo\org\springframework\spring-websocket\5.0.8.RELEASE\spring-websocket-5.0.8.RELEASE.jar;D:\path\to\local\repo\org\springframework\spring-context\5.0.8.RELEASE\spring-context-5.0.8.RELEASE.jar;D:\path\to\local\repo\com\github\pagehelper\pagehelper-spring-boot-starter\1.2.5\pagehelper-spring-boot-starter-1.2.5.jar;D:\path\to\local\repo\com\github\pagehelper\pagehelper-spring-boot-autoconfigure\1.2.5\pagehelper-spring-boot-autoconfigure-1.2.5.jar;D:\path\to\local\repo\com\github\pagehelper\pagehelper\5.1.4\pagehelper-5.1.4.jar;D:\path\to\local\repo\com\github\jsqlparser\jsqlparser\1.0\jsqlparser-1.0.jar;D:\path\to\local\repo\commons-httpclient\commons-httpclient\3.1\commons-httpclient-3.1.jar;D:\path\to\local\repo\commons-logging\commons-logging\1.0.4\commons-logging-1.0.4.jar;D:\path\to\local\repo\org\yaml\snakeyaml\1.19\snakeyaml-1.19.jar;"/>
    <property name="sun.cpu.endian" value="little"/>
    <property name="user.home" value="C:\Users\Administrator"/>
    <property name="user.language" value="zh"/>
    <property name="java.specification.vendor" value="Oracle Corporation"/>
    <property name="java.home" value="C:\Program Files\Java\jdk1.8.0_131\jre"/>
    <property name="basedir" value="D:\develop\code"/>
    <property name="file.separator" value="\"/>
    <property name="line.separator" value="&#10;"/>
    <property name="idea.version2019.2.3" value="true"/>
    <property name="java.vm.specification.vendor" value="Oracle Corporation"/>
    <property name="java.specification.name" value="Java Platform API Specification"/>
    <property name="java.awt.graphicsenv" value="sun.awt.Win32GraphicsEnvironment"/>
    <property name="surefire.real.class.path" value="C:\Users\ADMINI~1\AppData\Local\Temp\surefire4001873308957206442\surefirebooter8723472091968339885.jar"/>
    <property name="sun.boot.class.path" value="C:\Program Files\Java\jdk1.8.0_131\jre\lib\resources.jar;C:\Program Files\Java\jdk1.8.0_131\jre\lib\rt.jar;C:\Program Files\Java\jdk1.8.0_131\jre\lib\sunrsasign.jar;C:\Program Files\Java\jdk1.8.0_131\jre\lib\jsse.jar;C:\Program Files\Java\jdk1.8.0_131\jre\lib\jce.jar;C:\Program Files\Java\jdk1.8.0_131\jre\lib\charsets.jar;C:\Program Files\Java\jdk1.8.0_131\jre\lib\jfr.jar;C:\Program Files\Java\jdk1.8.0_131\jre\classes"/>
    <property name="user.script" value=""/>
    <property name="sun.management.compiler" value="HotSpot 64-Bit Tiered Compilers"/>
    <property name="java.runtime.version" value="1.8.0_131-b11"/>
    <property name="user.name" value="Administrator"/>
    <property name="path.separator" value=";"/>
    <property name="os.version" value="6.1"/>
    <property name="java.endorsed.dirs" value="C:\Program Files\Java\jdk1.8.0_131\jre\lib\endorsed"/>
    <property name="java.runtime.name" value="Java(TM) SE Runtime Environment"/>
    <property name="file.encoding" value="GBK"/>
    <property name="java.vm.name" value="Java HotSpot(TM) 64-Bit Server VM"/>
    <property name="localRepository" value="D:\path\to\local\repo"/>
    <property name="java.vendor.url.bug" value="http://bugreport.sun.com/bugreport/"/>
    <property name="java.io.tmpdir" value="C:\Users\ADMINI~1\AppData\Local\Temp\"/>
    <property name="java.version" value="1.8.0_131"/>
    <property name="user.dir" value="D:\develop\code"/>
    <property name="os.arch" value="amd64"/>
    <property name="java.vm.specification.name" value="Java Virtual Machine Specification"/>
    <property name="java.awt.printerjob" value="sun.awt.windows.WPrinterJob"/>
    <property name="sun.os.patch.level" value="Service Pack 1"/>
    <property name="java.library.path" value="C:\Program Files\Java\jdk1.8.0_131\jre\bin;C:\Windows\Sun\Java\bin;C:\Windows\system32;C:\Windows;C:\ProgramData\Oracle\Java\javapath;C:\Program Files\Java\jdk1.8.0_131\bin;C:\Program Files\Java\jdk1.8.0_131\jre\binC:\ProgramData\Oracle\Java\javapath;C:\Windows\system32;C:\Windows;C:\Windows\System32\Wbem;C:\Windows\System32\WindowsPowerShell\v1.0\;C:\Go\bin;D:\matchvs;D:\Tomcatapache-tomcat-9.0.0.M1-windows-x64\bin;D:\maven\bin;D:\phpstudy_pro\Extensions\MySQL5.7.26\bin;C:\Users\Administrator\go\bin;D:\GoLand 2019.1\bin;;D:\IntelliJ IDEA 2019.2.3\bin;;."/>
    <property name="java.vm.info" value="mixed mode"/>
    <property name="java.vendor" value="Oracle Corporation"/>
    <property name="java.vm.version" value="25.131-b11"/>
    <property name="java.ext.dirs" value="C:\Program Files\Java\jdk1.8.0_131\jre\lib\ext;C:\Windows\Sun\Java\lib\ext"/>
    <property name="sun.io.unicode.encoding" value="UnicodeLittle"/>
    <property name="maven.repo.local" value="D:\path\to\local\repo"/>
    <property name="java.class.version" value="52.0"/>
  </properties>
  <testcase name="redisTest" classname="com.yq.jforgame.ApplicationTest" time="0.178"/>
</testsuite>